[I 2025-06-02 15:05:12,360] Trial 10 finished with value: 6.394357919692993 and parameters: {'batch_size': 32, 'hidden_size': 256, 'learning_rate': 0.0001, 'weight_decay': 0.001, 'dropout_rate': 0.5}. Best is trial 8 with value: 6.239092588424683.
wandb: Tracking run with wandb version 0.19.11
wandb: Run data is saved locally in /sise/home/shirmord/hw/hw3/wandb/run-20250602_150619-xphdah6x
wandb: Run `wandb offline` to turn off syncing.
wandb: Syncing run model1
wandb: ⭐️ View project at https://wandb.ai/shirmord-ben-gurion-university-of-the-negev/optuna_lyrics_model1
wandb: 🚀 View run at https://wandb.ai/shirmord-ben-gurion-university-of-the-negev/optuna_lyrics_model1/runs/xphdah6x
wandb: uploading history steps 899-899, summary, console lines 98-100
wandb:                                                                                
wandb: 
wandb: Run history:
wandb: batch/train_loss █▇▆▃▃▃▂▂▂▂▂▁▂▂▂▂▁▂▂▂▂▁▂▁▂▂▂▂▂▁▁▂▁▁▁▁▁▂▁▁
wandb:     epoch/cosine ▇▅▇▁▆██▇▇███▇▇█▇█▇▇▇▇█▇▇██▇▇▇▇██▇▇▇▇▇▇▇▇
wandb:    epoch/jaccard ▁▂▁▅█▄▄▁▄▄▄▁▁▄▁▄▁▄▁▁▃▁▄▁▄▄▄▄▁▄▄▄▄▄▄▄▄▄▄▄
wandb:    epoch/lev_sim ▁▄▄▆▄▄▃▂▃▅▆▆▆▄▂▃▇▅▄▂▃▅▂▆▅▆▂▂▅▄▆█▄▂▆▄▄▃▂▂
wandb:   epoch/polarity ▁▁▁▁▁▁▁▁▁▁▁▁▁▁▁▁▁▁▁▁▁▁▁▁▁▁▁▁▁▁▁▁▁▁▁▁▁▁▁▁
wandb: epoch/train_loss █▇▅▂▂▂▂▁▁▁▁▁▁▁▁▁▁▁▁▁▁▁▁▁▁▁▁▁▁▁▁▁▁▁▁▁▁▁▁▁
wandb:   epoch/val_loss █▇▃▂▁▁▁▁▁▁▁▁▁▁▁▁▁▁▁▁▁▁▁▁▁▁▁▁▁▁▁▁▁▁▁▁▁▁▁▁
wandb: 
wandb: Run summary:
wandb: batch/train_loss 6.45566
wandb:     epoch/cosine 0.65525
wandb:    epoch/jaccard 0.01818
wandb:    epoch/lev_sim 0.08882
wandb:   epoch/polarity 0.83299
wandb: epoch/train_loss 6.36389
wandb:   epoch/val_loss 6.39495
wandb: 
wandb: 🚀 View run model1 at: https://wandb.ai/shirmord-ben-gurion-university-of-the-negev/optuna_lyrics_model1/runs/xphdah6x
wandb: ⭐️ View project at: https://wandb.ai/shirmord-ben-gurion-university-of-the-negev/optuna_lyrics_model1
wandb: Synced 5 W&B file(s), 0 media file(s), 0 artifact file(s) and 0 other file(s)
wandb: Find logs at: ./wandb/run-20250602_150619-xphdah6x/logs
[I 2025-06-02 18:16:38,294] Trial 11 finished with value: 6.394947290420532 and parameters: {'batch_size': 32, 'hidden_size': 256, 'learning_rate': 0.0001, 'weight_decay': 0.001, 'dropout_rate': 0.5}. Best is trial 8 with value: 6.239092588424683.
wandb: Tracking run with wandb version 0.19.11
wandb: Run data is saved locally in /sise/home/shirmord/hw/hw3/wandb/run-20250602_181745-4o6gep36
wandb: Run `wandb offline` to turn off syncing.
wandb: Syncing run model1
wandb: ⭐️ View project at https://wandb.ai/shirmord-ben-gurion-university-of-the-negev/optuna_lyrics_model1
wandb: 🚀 View run at https://wandb.ai/shirmord-ben-gurion-university-of-the-negev/optuna_lyrics_model1/runs/4o6gep36
wandb: uploading history steps 899-899, summary, console lines 98-100
wandb:                                                                                
wandb: 
wandb: Run history:
wandb: batch/train_loss ████▇▅▃▂▂▂▂▁▂▁▂▁▂▁▁▁▂▂▁▁▂▂▁▁▂▁▁▁▁▁▁▁▁▁▂▁
wandb:     epoch/cosine ▁▁▄██▇▇▄▇▄▅▇▇██▇▄▇▄██▇▄▇█▇█▇█▇▇▇▇███▇▇▇█
wandb:    epoch/jaccard ▁▁▃▆█▆▃▃▃▃▃▆▆▃▆▃▃▃▃▃▃▆▃▁▃▃▃▄▃▃▂▃▁▂▄▃▁▁▂▂
wandb:    epoch/lev_sim ▁▄▅▄▅▁▆▂▃▃▄▁▁▂▂▁▂▃▇▄▂▃▄▁▁▁█▁▅▁▁▁▄▂▃▆▄▃▁▄
wandb:   epoch/polarity ▁▁██████████████████████████████████████
wandb: epoch/train_loss █▇▆▃▂▂▂▂▂▁▁▁▁▁▁▁▁▁▁▁▁▁▁▁▁▁▁▁▁▁▁▁▁▁▁▁▁▁▁▁
wandb:   epoch/val_loss █▇▄▂▁▁▁▁▁▁▁▁▁▁▁▁▁▁▁▁▁▁▁▁▁▁▁▁▁▁▁▁▁▁▁▁▁▁▁▁
wandb: 
wandb: Run summary:
wandb: batch/train_loss 6.31034
wandb:     epoch/cosine 0.65559
wandb:    epoch/jaccard 0.01265
wandb:    epoch/lev_sim 0.12089
wandb:   epoch/polarity 0.83299
wandb: epoch/train_loss 6.33378
wandb:   epoch/val_loss 6.3423
wandb: 
wandb: 🚀 View run model1 at: https://wandb.ai/shirmord-ben-gurion-university-of-the-negev/optuna_lyrics_model1/runs/4o6gep36
wandb: ⭐️ View project at: https://wandb.ai/shirmord-ben-gurion-university-of-the-negev/optuna_lyrics_model1
wandb: Synced 5 W&B file(s), 0 media file(s), 0 artifact file(s) and 0 other file(s)
wandb: Find logs at: ./wandb/run-20250602_181745-4o6gep36/logs
[I 2025-06-02 21:20:52,289] Trial 12 finished with value: 6.342303514480591 and parameters: {'batch_size': 32, 'hidden_size': 256, 'learning_rate': 0.0001, 'weight_decay': 0.001, 'dropout_rate': 0.5}. Best is trial 8 with value: 6.239092588424683.
wandb: Tracking run with wandb version 0.19.11
wandb: Run data is saved locally in /sise/home/shirmord/hw/hw3/wandb/run-20250602_212159-y94ez70k
wandb: Run `wandb offline` to turn off syncing.
wandb: Syncing run model1
wandb: ⭐️ View project at https://wandb.ai/shirmord-ben-gurion-university-of-the-negev/optuna_lyrics_model1
wandb: 🚀 View run at https://wandb.ai/shirmord-ben-gurion-university-of-the-negev/optuna_lyrics_model1/runs/y94ez70k
wandb: uploading config.yaml
wandb:                                                                                
wandb: 
wandb: Run history:
wandb: batch/train_loss ██▆▅▄▂▂▂▂▂▂▂▂▂▂▂▂▂▂▂▂▂▁▂▂▂▂▁▂▂▂▂▁▁▁▂▁▁▁▁
wandb:     epoch/cosine ▁▅▆▇▇█▅▅▇▇▅▇▅▇▅█▅█▇▅██▇▅██▇█▇▇▇█████████
wandb:    epoch/jaccard ▁▁▃█▃▄▁▁▄▄▁▄▁▄▁▄▄▁▄▄▄▄▄▁▄▄▁▄▁▄▄▄▄▄▄▄▄▄▄▄
wandb:    epoch/lev_sim ▁▄▅▆▆▇▄▅▄▃▄▅▆▅▅▅▇█▃▅▆▄▅▇▄▄▃▄▃▃▃▇▆▄▅▇▅▇▅█
wandb:   epoch/polarity ▁███████████████████████████████████████
wandb: epoch/train_loss █▇▅▃▃▂▂▂▂▂▂▂▂▂▂▂▂▂▂▂▂▂▂▂▂▂▂▂▂▂▂▂▁▁▁▁▁▁▁▁
wandb:   epoch/val_loss █▇▄▂▂▂▂▂▂▂▂▂▂▂▂▂▂▂▂▂▂▂▂▂▂▂▂▂▂▂▂▂▁▁▁▁▁▁▁▁
wandb: 
wandb: Run summary:
wandb: batch/train_loss 6.11647
wandb:     epoch/cosine 0.68374
wandb:    epoch/jaccard 0.02127
wandb:    epoch/lev_sim 0.1492
wandb:   epoch/polarity 0.83299
wandb: epoch/train_loss 6.14473
wandb:   epoch/val_loss 6.12424
wandb: 
wandb: 🚀 View run model1 at: https://wandb.ai/shirmord-ben-gurion-university-of-the-negev/optuna_lyrics_model1/runs/y94ez70k
wandb: ⭐️ View project at: https://wandb.ai/shirmord-ben-gurion-university-of-the-negev/optuna_lyrics_model1
wandb: Synced 5 W&B file(s), 0 media file(s), 0 artifact file(s) and 0 other file(s)
wandb: Find logs at: ./wandb/run-20250602_212159-y94ez70k/logs
[I 2025-06-03 00:40:02,460] Trial 13 finished with value: 6.124240875244141 and parameters: {'batch_size': 32, 'hidden_size': 256, 'learning_rate': 0.0001, 'weight_decay': 0.001, 'dropout_rate': 0.5}. Best is trial 13 with value: 6.124240875244141.
wandb: Tracking run with wandb version 0.19.11
wandb: Run data is saved locally in /sise/home/shirmord/hw/hw3/wandb/run-20250603_004109-5f8ymb7k
wandb: Run `wandb offline` to turn off syncing.
wandb: Syncing run model1
wandb: ⭐️ View project at https://wandb.ai/shirmord-ben-gurion-university-of-the-negev/optuna_lyrics_model1
wandb: 🚀 View run at https://wandb.ai/shirmord-ben-gurion-university-of-the-negev/optuna_lyrics_model1/runs/5f8ymb7k
